TN:
SF:controllers/adminController.js
FN:10,(anonymous_0)
FN:88,(anonymous_1)
FN:179,(anonymous_2)
FN:362,(anonymous_3)
FNF:4
FNH:0
FNDA:0,(anonymous_0)
FNDA:0,(anonymous_1)
FNDA:0,(anonymous_2)
FNDA:0,(anonymous_3)
DA:1,2
DA:2,2
DA:3,2
DA:4,2
DA:5,2
DA:10,2
DA:11,0
DA:20,0
DA:22,0
DA:23,0
DA:26,0
DA:27,0
DA:31,0
DA:32,0
DA:36,0
DA:37,0
DA:45,0
DA:46,0
DA:48,0
DA:55,0
DA:58,0
DA:62,0
DA:76,0
DA:77,0
DA:88,2
DA:89,0
DA:90,0
DA:91,0
DA:92,0
DA:99,0
DA:100,0
DA:103,0
DA:104,0
DA:105,0
DA:113,0
DA:114,0
DA:115,0
DA:121,0
DA:124,0
DA:125,0
DA:129,0
DA:130,0
DA:134,0
DA:136,0
DA:141,0
DA:142,0
DA:148,0
DA:149,0
DA:151,0
DA:154,0
DA:161,0
DA:167,0
DA:168,0
DA:179,2
DA:180,0
DA:181,0
DA:184,0
DA:185,0
DA:187,0
DA:189,0
DA:190,0
DA:192,0
DA:193,0
DA:195,0
DA:196,0
DA:198,0
DA:199,0
DA:201,0
DA:205,0
DA:206,0
DA:207,0
DA:212,0
DA:230,0
DA:251,0
DA:269,0
DA:293,0
DA:294,0
DA:295,0
DA:323,0
DA:345,0
DA:350,0
DA:351,0
DA:362,2
DA:363,0
DA:365,0
DA:372,0
DA:375,0
DA:381,0
DA:383,0
DA:397,0
DA:402,0
DA:403,0
DA:411,2
LF:93
LH:10
BRDA:13,0,0,0
BRDA:14,1,0,0
BRDA:18,2,0,0
BRDA:19,3,0,0
BRDA:26,4,0,0
BRDA:26,4,1,0
BRDA:26,5,0,0
BRDA:26,5,1,0
BRDA:31,6,0,0
BRDA:31,6,1,0
BRDA:36,7,0,0
BRDA:36,7,1,0
BRDA:46,8,0,0
BRDA:46,8,1,0
BRDA:91,9,0,0
BRDA:91,9,1,0
BRDA:103,10,0,0
BRDA:103,10,1,0
BRDA:103,11,0,0
BRDA:103,11,1,0
BRDA:104,12,0,0
BRDA:104,12,1,0
BRDA:104,13,0,0
BRDA:104,13,1,0
BRDA:114,14,0,0
BRDA:114,14,1,0
BRDA:124,15,0,0
BRDA:124,15,1,0
BRDA:129,16,0,0
BRDA:129,16,1,0
BRDA:134,17,0,0
BRDA:134,17,1,0
BRDA:134,18,0,0
BRDA:134,18,1,0
BRDA:141,19,0,0
BRDA:141,19,1,0
BRDA:149,20,0,0
BRDA:149,20,1,0
BRDA:149,21,0,0
BRDA:149,21,1,0
BRDA:181,22,0,0
BRDA:187,23,0,0
BRDA:187,23,1,0
BRDA:187,23,2,0
BRDA:187,23,3,0
BRDA:187,23,4,0
BRDA:206,24,0,0
BRDA:206,24,1,0
BRDA:217,25,0,0
BRDA:217,25,1,0
BRDA:223,26,0,0
BRDA:223,26,1,0
BRDA:235,27,0,0
BRDA:235,27,1,0
BRDA:255,28,0,0
BRDA:255,28,1,0
BRDA:273,29,0,0
BRDA:273,29,1,0
BRDA:294,30,0,0
BRDA:294,30,1,0
BRDA:335,31,0,0
BRDA:335,31,1,0
BRDA:342,32,0,0
BRDA:342,32,1,0
BRF:64
BRH:0
end_of_record
TN:
SF:controllers/authController.js
FN:7,(anonymous_0)
FN:58,(anonymous_1)
FN:109,(anonymous_2)
FN:129,(anonymous_3)
FNF:4
FNH:4
FNDA:3,(anonymous_0)
FNDA:5,(anonymous_1)
FNDA:1,(anonymous_2)
FNDA:1,(anonymous_3)
DA:1,2
DA:2,2
DA:7,2
DA:8,3
DA:10,3
DA:11,3
DA:12,1
DA:20,2
DA:23,1
DA:26,1
DA:27,1
DA:29,1
DA:36,1
DA:39,1
DA:40,0
DA:41,0
DA:47,1
DA:58,2
DA:59,5
DA:61,5
DA:62,5
DA:63,0
DA:70,5
DA:73,5
DA:76,2
DA:79,2
DA:80,2
DA:82,2
DA:89,3
DA:91,3
DA:92,3
DA:98,0
DA:109,2
DA:110,1
DA:111,1
DA:113,1
DA:118,0
DA:129,2
DA:130,1
DA:136,2
LF:40
LH:35
BRDA:11,0,0,1
BRDA:11,0,1,2
BRDA:39,1,0,0
BRDA:39,1,1,1
BRDA:49,2,0,1
BRDA:49,2,1,0
BRDA:62,3,0,0
BRDA:62,3,1,5
BRDA:91,4,0,3
BRDA:91,4,1,0
BRDA:91,5,0,3
BRDA:91,5,1,1
BRF:12
BRH:8
end_of_record
TN:
SF:controllers/bookingController.js
FN:18,(anonymous_0)
FN:56,(anonymous_1)
FN:102,(anonymous_2)
FN:208,(anonymous_3)
FN:281,(anonymous_4)
FN:310,(anonymous_5)
FN:356,(anonymous_6)
FN:519,(anonymous_7)
FN:594,(anonymous_8)
FN:655,(anonymous_9)
FN:707,(anonymous_10)
FN:778,(anonymous_11)
FN:838,(anonymous_12)
FNF:13
FNH:5
FNDA:3,(anonymous_0)
FNDA:3,(anonymous_1)
FNDA:0,(anonymous_2)
FNDA:2,(anonymous_3)
FNDA:3,(anonymous_4)
FNDA:0,(anonymous_5)
FNDA:0,(anonymous_6)
FNDA:3,(anonymous_7)
FNDA:0,(anonymous_8)
FNDA:0,(anonymous_9)
FNDA:0,(anonymous_10)
FNDA:0,(anonymous_11)
FNDA:0,(anonymous_12)
DA:1,2
DA:2,2
DA:3,2
DA:4,2
DA:5,2
DA:6,2
DA:7,2
DA:13,2
DA:18,2
DA:19,3
DA:20,3
DA:21,3
DA:22,0
DA:36,3
DA:39,3
DA:40,3
DA:41,1
DA:48,2
DA:49,0
DA:56,3
DA:57,2
DA:58,1
DA:64,1
DA:65,0
DA:72,1
DA:73,1
DA:74,1
DA:76,1
DA:77,0
DA:83,1
DA:84,0
DA:91,1
DA:98,1
DA:99,0
DA:102,0
DA:111,1
DA:114,1
DA:117,1
DA:125,1
DA:128,1
DA:148,1
DA:151,1
DA:152,1
DA:155,1
DA:161,1
DA:168,1
DA:174,1
DA:184,1
DA:188,1
DA:196,1
DA:197,1
DA:208,2
DA:209,2
DA:219,2
DA:221,2
DA:222,2
DA:225,2
DA:226,2
DA:227,0
DA:229,0
DA:234,2
DA:235,2
DA:236,0
DA:237,2
DA:238,2
DA:241,2
DA:242,0
DA:243,0
DA:244,0
DA:247,2
DA:254,2
DA:256,2
DA:269,2
DA:270,2
DA:281,2
DA:282,3
DA:283,3
DA:290,3
DA:291,1
DA:298,2
DA:302,1
DA:308,1
DA:309,0
DA:310,0
DA:313,0
DA:314,0
DA:322,1
DA:331,0
DA:336,1
DA:338,1
DA:339,0
DA:345,1
DA:356,2
DA:357,0
DA:358,0
DA:359,0
DA:361,0
DA:363,0
DA:364,0
DA:371,0
DA:372,0
DA:378,0
DA:380,0
DA:382,0
DA:383,0
DA:389,0
DA:390,0
DA:396,0
DA:397,0
DA:404,0
DA:405,0
DA:408,0
DA:409,0
DA:412,0
DA:418,0
DA:420,0
DA:421,0
DA:427,0
DA:428,0
DA:435,0
DA:436,0
DA:439,0
DA:440,0
DA:443,0
DA:444,0
DA:454,0
DA:455,0
DA:458,0
DA:465,0
DA:471,0
DA:474,0
DA:485,0
DA:497,0
DA:507,0
DA:508,0
DA:519,2
DA:520,3
DA:521,3
DA:522,3
DA:524,3
DA:526,3
DA:527,1
DA:534,2
DA:538,1
DA:545,1
DA:546,0
DA:552,1
DA:553,0
DA:559,1
DA:560,1
DA:561,1
DA:564,1
DA:565,1
DA:567,1
DA:568,1
DA:569,0
DA:570,0
DA:572,0
DA:575,1
DA:576,1
DA:580,1
DA:581,1
DA:589,1
DA:592,1
DA:593,0
DA:594,0
DA:596,0
DA:597,0
DA:600,0
DA:607,0
DA:615,1
DA:622,1
DA:631,1
DA:643,0
DA:644,0
DA:655,2
DA:656,0
DA:657,0
DA:658,0
DA:660,0
DA:662,0
DA:663,0
DA:670,0
DA:671,0
DA:678,0
DA:679,0
DA:685,0
DA:687,0
DA:688,0
DA:695,0
DA:703,0
DA:704,0
DA:707,0
DA:716,0
DA:719,0
DA:722,0
DA:730,0
DA:731,0
DA:733,0
DA:736,0
DA:744,0
DA:754,0
DA:766,0
DA:767,0
DA:778,2
DA:779,0
DA:780,0
DA:782,0
DA:783,0
DA:789,0
DA:790,0
DA:791,0
DA:797,0
DA:798,0
DA:799,0
DA:802,0
DA:821,0
DA:824,0
DA:826,0
DA:827,0
DA:829,0
DA:830,0
DA:831,0
DA:833,0
DA:834,0
DA:837,0
DA:838,0
DA:841,0
DA:842,0
DA:850,0
DA:853,0
DA:869,0
DA:870,0
DA:878,2
LF:234
LH:104
BRDA:21,0,0,0
BRDA:21,0,1,3
BRDA:40,1,0,1
BRDA:40,1,1,2
BRDA:40,2,0,3
BRDA:40,2,1,2
BRDA:48,3,0,0
BRDA:48,3,1,2
BRDA:57,4,0,1
BRDA:57,4,1,1
BRDA:64,5,0,0
BRDA:64,5,1,1
BRDA:76,6,0,0
BRDA:76,6,1,1
BRDA:83,7,0,0
BRDA:83,7,1,1
BRDA:98,8,0,0
BRDA:98,8,1,1
BRDA:135,9,0,1
BRDA:135,9,1,0
BRDA:136,10,0,1
BRDA:136,10,1,0
BRDA:142,11,0,1
BRDA:142,11,1,0
BRDA:143,12,0,1
BRDA:143,12,1,0
BRDA:145,13,0,1
BRDA:145,13,1,0
BRDA:151,14,0,1
BRDA:151,14,1,0
BRDA:211,15,0,2
BRDA:212,16,0,2
BRDA:225,17,0,2
BRDA:225,17,1,0
BRDA:227,18,0,0
BRDA:227,18,1,0
BRDA:234,19,0,1
BRDA:234,19,1,1
BRDA:235,20,0,0
BRDA:235,20,1,2
BRDA:235,21,0,2
BRDA:235,21,1,0
BRDA:237,22,0,0
BRDA:237,22,1,2
BRDA:237,23,0,2
BRDA:237,23,1,0
BRDA:238,24,0,0
BRDA:238,24,1,2
BRDA:241,25,0,0
BRDA:241,25,1,2
BRDA:241,26,0,2
BRDA:241,26,1,2
BRDA:243,27,0,0
BRDA:243,27,1,0
BRDA:244,28,0,0
BRDA:244,28,1,0
BRDA:290,29,0,1
BRDA:290,29,1,2
BRDA:298,30,0,1
BRDA:298,30,1,1
BRDA:299,31,0,2
BRDA:299,31,1,2
BRDA:308,32,0,0
BRDA:308,32,1,1
BRDA:313,33,0,0
BRDA:313,33,1,0
BRDA:338,34,0,0
BRDA:338,34,1,1
BRDA:363,35,0,0
BRDA:363,35,1,0
BRDA:371,36,0,0
BRDA:371,36,1,0
BRDA:371,37,0,0
BRDA:371,37,1,0
BRDA:380,38,0,0
BRDA:380,38,1,0
BRDA:382,39,0,0
BRDA:382,39,1,0
BRDA:389,40,0,0
BRDA:389,40,1,0
BRDA:396,41,0,0
BRDA:396,41,1,0
BRDA:418,42,0,0
BRDA:418,42,1,0
BRDA:420,43,0,0
BRDA:420,43,1,0
BRDA:427,44,0,0
BRDA:427,44,1,0
BRDA:439,45,0,0
BRDA:439,45,1,0
BRDA:443,46,0,0
BRDA:443,46,1,0
BRDA:477,47,0,0
BRDA:477,47,1,0
BRDA:478,48,0,0
BRDA:478,48,1,0
BRDA:487,49,0,0
BRDA:487,49,1,0
BRDA:488,50,0,0
BRDA:488,50,1,0
BRDA:490,51,0,0
BRDA:490,51,1,0
BRDA:490,51,2,0
BRDA:501,52,0,0
BRDA:501,52,1,0
BRDA:526,53,0,1
BRDA:526,53,1,2
BRDA:534,54,0,1
BRDA:534,54,1,1
BRDA:535,55,0,2
BRDA:535,55,1,2
BRDA:545,56,0,0
BRDA:545,56,1,1
BRDA:552,57,0,0
BRDA:552,57,1,1
BRDA:567,58,0,1
BRDA:567,58,1,0
BRDA:569,59,0,0
BRDA:569,59,1,0
BRDA:575,60,0,1
BRDA:575,60,1,0
BRDA:584,61,0,1
BRDA:584,61,1,0
BRDA:586,62,0,1
BRDA:586,62,1,0
BRDA:592,63,0,0
BRDA:592,63,1,1
BRDA:596,64,0,0
BRDA:596,64,1,0
BRDA:596,65,0,0
BRDA:596,65,1,0
BRDA:625,66,0,1
BRDA:625,66,1,0
BRDA:662,67,0,0
BRDA:662,67,1,0
BRDA:670,68,0,0
BRDA:670,68,1,0
BRDA:678,69,0,0
BRDA:678,69,1,0
BRDA:687,70,0,0
BRDA:687,70,1,0
BRDA:703,71,0,0
BRDA:703,71,1,0
BRDA:782,72,0,0
BRDA:782,72,1,0
BRDA:782,73,0,0
BRDA:782,73,1,0
BRDA:782,73,2,0
BRDA:790,74,0,0
BRDA:790,74,1,0
BRDA:838,75,0,0
BRDA:838,75,1,0
BRDA:841,76,0,0
BRDA:841,76,1,0
BRF:154
BRH:53
end_of_record
TN:
SF:controllers/locationController.js
FN:8,(anonymous_0)
FN:92,(anonymous_1)
FN:133,(anonymous_2)
FN:163,(anonymous_3)
FN:165,(anonymous_4)
FN:208,(anonymous_5)
FN:231,(anonymous_6)
FN:263,(anonymous_7)
FN:286,(anonymous_8)
FN:298,(anonymous_9)
FN:324,(anonymous_10)
FN:341,(anonymous_11)
FN:415,(anonymous_12)
FN:431,(anonymous_13)
FN:539,(anonymous_14)
FN:583,(anonymous_15)
FN:597,(anonymous_16)
FN:619,(anonymous_17)
FNF:18
FNH:0
FNDA:0,(anonymous_0)
FNDA:0,(anonymous_1)
FNDA:0,(anonymous_2)
FNDA:0,(anonymous_3)
FNDA:0,(anonymous_4)
FNDA:0,(anonymous_5)
FNDA:0,(anonymous_6)
FNDA:0,(anonymous_7)
FNDA:0,(anonymous_8)
FNDA:0,(anonymous_9)
FNDA:0,(anonymous_10)
FNDA:0,(anonymous_11)
FNDA:0,(anonymous_12)
FNDA:0,(anonymous_13)
FNDA:0,(anonymous_14)
FNDA:0,(anonymous_15)
FNDA:0,(anonymous_16)
FNDA:0,(anonymous_17)
DA:1,2
DA:2,2
DA:3,2
DA:8,2
DA:9,0
DA:21,0
DA:23,0
DA:24,0
DA:25,0
DA:28,0
DA:29,0
DA:36,0
DA:37,0
DA:38,0
DA:42,0
DA:43,0
DA:44,0
DA:48,0
DA:49,0
DA:50,0
DA:51,0
DA:52,0
DA:56,0
DA:57,0
DA:58,0
DA:61,0
DA:64,0
DA:65,0
DA:77,0
DA:81,0
DA:89,0
DA:92,0
DA:108,0
DA:121,0
DA:122,0
DA:133,2
DA:134,0
DA:135,0
DA:140,0
DA:141,0
DA:147,0
DA:148,0
DA:155,0
DA:163,0
DA:164,0
DA:165,0
DA:167,0
DA:174,0
DA:183,0
DA:188,0
DA:190,0
DA:191,0
DA:197,0
DA:208,2
DA:209,0
DA:210,0
DA:211,0
DA:212,0
DA:219,0
DA:225,0
DA:226,0
DA:230,0
DA:231,0
DA:234,0
DA:235,0
DA:237,0
DA:243,0
DA:245,0
DA:246,0
DA:252,0
DA:263,2
DA:264,0
DA:265,0
DA:266,0
DA:267,0
DA:274,0
DA:276,0
DA:277,0
DA:284,0
DA:285,0
DA:286,0
DA:289,0
DA:290,0
DA:298,0
DA:299,0
DA:300,0
DA:304,0
DA:306,0
DA:312,0
DA:313,0
DA:324,2
DA:325,0
DA:326,0
DA:327,0
DA:329,0
DA:331,0
DA:332,0
DA:339,0
DA:340,0
DA:341,0
DA:344,0
DA:345,0
DA:353,0
DA:361,0
DA:362,0
DA:370,0
DA:376,0
DA:377,0
DA:384,0
DA:390,0
DA:403,0
DA:404,0
DA:415,2
DA:416,0
DA:417,0
DA:418,0
DA:420,0
DA:421,0
DA:422,0
DA:429,0
DA:430,0
DA:431,0
DA:434,0
DA:435,0
DA:443,0
DA:444,0
DA:449,0
DA:477,0
DA:494,0
DA:522,0
DA:527,0
DA:528,0
DA:539,2
DA:540,0
DA:541,0
DA:543,0
DA:544,0
DA:551,0
DA:556,0
DA:557,0
DA:564,0
DA:565,0
DA:566,0
DA:568,0
DA:573,0
DA:574,0
DA:583,2
DA:584,0
DA:585,0
DA:586,0
DA:588,0
DA:593,0
DA:594,0
DA:597,2
DA:598,0
DA:599,0
DA:600,0
DA:601,0
DA:603,0
DA:604,0
DA:605,0
DA:606,0
DA:608,0
DA:616,0
DA:619,2
DA:620,0
DA:626,0
DA:629,2
LF:168
LH:14
BRDA:11,0,0,0
BRDA:12,1,0,0
BRDA:17,2,0,0
BRDA:28,3,0,0
BRDA:28,3,1,0
BRDA:36,4,0,0
BRDA:36,4,1,0
BRDA:42,5,0,0
BRDA:42,5,1,0
BRDA:48,6,0,0
BRDA:48,6,1,0
BRDA:50,7,0,0
BRDA:50,7,1,0
BRDA:51,8,0,0
BRDA:51,8,1,0
BRDA:56,9,0,0
BRDA:56,9,1,0
BRDA:64,10,0,0
BRDA:64,10,1,0
BRDA:64,11,0,0
BRDA:64,11,1,0
BRDA:95,12,0,0
BRDA:95,12,1,0
BRDA:95,13,0,0
BRDA:95,13,1,0
BRDA:140,14,0,0
BRDA:140,14,1,0
BRDA:147,15,0,0
BRDA:147,15,1,0
BRDA:170,16,0,0
BRDA:170,16,1,0
BRDA:190,17,0,0
BRDA:190,17,1,0
BRDA:211,18,0,0
BRDA:211,18,1,0
BRDA:221,19,0,0
BRDA:221,19,1,0
BRDA:225,20,0,0
BRDA:225,20,1,0
BRDA:225,21,0,0
BRDA:225,21,1,0
BRDA:245,22,0,0
BRDA:245,22,1,0
BRDA:266,23,0,0
BRDA:266,23,1,0
BRDA:276,24,0,0
BRDA:276,24,1,0
BRDA:284,25,0,0
BRDA:284,25,1,0
BRDA:289,26,0,0
BRDA:289,26,1,0
BRDA:299,27,0,0
BRDA:299,27,1,0
BRDA:299,28,0,0
BRDA:299,28,1,0
BRDA:331,29,0,0
BRDA:331,29,1,0
BRDA:339,30,0,0
BRDA:339,30,1,0
BRDA:344,31,0,0
BRDA:344,31,1,0
BRDA:361,32,0,0
BRDA:361,32,1,0
BRDA:361,33,0,0
BRDA:361,33,1,0
BRDA:418,34,0,0
BRDA:421,35,0,0
BRDA:421,35,1,0
BRDA:429,36,0,0
BRDA:429,36,1,0
BRDA:434,37,0,0
BRDA:434,37,1,0
BRDA:443,38,0,0
BRDA:443,38,1,0
BRDA:444,39,0,0
BRDA:444,39,1,0
BRDA:507,40,0,0
BRDA:507,40,1,0
BRDA:543,41,0,0
BRDA:543,41,1,0
BRDA:556,42,0,0
BRDA:556,42,1,0
BRDA:604,43,0,0
BRDA:604,43,1,0
BRDA:605,44,0,0
BRDA:605,44,1,0
BRDA:606,45,0,0
BRDA:606,45,1,0
BRDA:626,46,0,0
BRDA:626,46,1,0
BRF:90
BRH:0
end_of_record
TN:
SF:controllers/paymentController.js
FN:16,(anonymous_0)
FN:87,(anonymous_1)
FN:147,(anonymous_2)
FN:162,(anonymous_3)
FN:188,(anonymous_4)
FN:223,(anonymous_5)
FN:300,(anonymous_6)
FN:372,(anonymous_7)
FN:447,(anonymous_8)
FNF:9
FNH:0
FNDA:0,(anonymous_0)
FNDA:0,(anonymous_1)
FNDA:0,(anonymous_2)
FNDA:0,(anonymous_3)
FNDA:0,(anonymous_4)
FNDA:0,(anonymous_5)
FNDA:0,(anonymous_6)
FNDA:0,(anonymous_7)
FNDA:0,(anonymous_8)
DA:1,2
DA:2,2
DA:3,2
DA:4,2
DA:7,2
DA:16,2
DA:17,0
DA:18,0
DA:20,0
DA:21,0
DA:22,0
DA:28,0
DA:29,0
DA:30,0
DA:32,0
DA:35,0
DA:42,0
DA:43,0
DA:46,0
DA:47,0
DA:48,0
DA:50,0
DA:75,0
DA:76,0
DA:87,2
DA:88,0
DA:89,0
DA:91,0
DA:95,0
DA:96,0
DA:102,0
DA:103,0
DA:109,0
DA:110,0
DA:116,0
DA:147,0
DA:148,0
DA:149,0
DA:150,0
DA:158,0
DA:159,0
DA:161,0
DA:162,0
DA:165,0
DA:176,0
DA:177,0
DA:188,2
DA:189,0
DA:190,0
DA:192,0
DA:194,0
DA:195,0
DA:201,0
DA:202,0
DA:208,0
DA:220,0
DA:224,0
DA:225,0
DA:228,0
DA:229,0
DA:231,0
DA:238,0
DA:240,0
DA:241,0
DA:242,0
DA:243,0
DA:246,0
DA:247,0
DA:253,0
DA:254,0
DA:260,0
DA:265,0
DA:276,0
DA:277,0
DA:279,0
DA:288,0
DA:289,0
DA:300,2
DA:301,0
DA:302,0
DA:304,0
DA:308,0
DA:309,0
DA:315,0
DA:316,0
DA:322,0
DA:323,0
DA:330,0
DA:333,0
DA:346,0
DA:347,0
DA:349,0
DA:360,0
DA:361,0
DA:372,2
DA:373,0
DA:374,0
DA:376,0
DA:378,0
DA:379,0
DA:386,0
DA:388,0
DA:390,0
DA:391,0
DA:392,0
DA:393,0
DA:396,0
DA:397,0
DA:403,0
DA:404,0
DA:410,0
DA:415,0
DA:426,0
DA:427,0
DA:429,0
DA:435,0
DA:436,0
DA:447,2
DA:448,0
DA:449,0
DA:450,0
DA:452,0
DA:454,0
DA:455,0
DA:457,0
DA:466,0
DA:469,0
DA:501,0
DA:517,0
DA:518,0
DA:526,2
LF:131
LH:12
BRDA:8,0,0,2
BRDA:8,0,1,0
BRDA:21,1,0,0
BRDA:21,1,1,0
BRDA:42,2,0,0
BRDA:42,2,1,0
BRDA:95,3,0,0
BRDA:95,3,1,0
BRDA:102,4,0,0
BRDA:102,4,1,0
BRDA:109,5,0,0
BRDA:109,5,1,0
BRDA:148,6,0,0
BRDA:148,6,1,0
BRDA:194,7,0,0
BRDA:194,7,1,0
BRDA:201,8,0,0
BRDA:201,8,1,0
BRDA:224,9,0,0
BRDA:224,9,1,0
BRDA:238,10,0,0
BRDA:238,10,1,0
BRDA:308,11,0,0
BRDA:308,11,1,0
BRDA:315,12,0,0
BRDA:315,12,1,0
BRDA:322,13,0,0
BRDA:322,13,1,0
BRDA:340,14,0,0
BRDA:340,14,1,0
BRDA:355,15,0,0
BRDA:355,15,1,0
BRDA:378,16,0,0
BRDA:378,16,1,0
BRDA:388,17,0,0
BRDA:388,17,1,0
BRDA:388,18,0,0
BRDA:388,18,1,0
BRDA:449,19,0,0
BRDA:449,20,0,0
BRDA:454,21,0,0
BRDA:454,21,1,0
BRDA:455,22,0,0
BRDA:455,22,1,0
BRDA:509,23,0,0
BRDA:509,23,1,0
BRF:46
BRH:1
end_of_record
TN:
SF:controllers/userController.js
FN:9,(anonymous_0)
FN:63,(anonymous_1)
FN:133,(anonymous_2)
FN:150,(anonymous_3)
FN:199,(anonymous_4)
FN:226,(anonymous_5)
FN:269,(anonymous_6)
FN:321,(anonymous_7)
FN:411,(anonymous_8)
FN:455,(anonymous_9)
FNF:10
FNH:0
FNDA:0,(anonymous_0)
FNDA:0,(anonymous_1)
FNDA:0,(anonymous_2)
FNDA:0,(anonymous_3)
FNDA:0,(anonymous_4)
FNDA:0,(anonymous_5)
FNDA:0,(anonymous_6)
FNDA:0,(anonymous_7)
FNDA:0,(anonymous_8)
FNDA:0,(anonymous_9)
DA:1,2
DA:2,2
DA:3,2
DA:4,2
DA:9,2
DA:10,0
DA:11,0
DA:18,0
DA:19,0
DA:27,0
DA:29,0
DA:51,0
DA:52,0
DA:63,2
DA:64,0
DA:65,0
DA:66,0
DA:67,0
DA:74,0
DA:77,0
DA:78,0
DA:83,0
DA:84,0
DA:91,0
DA:107,0
DA:113,0
DA:115,0
DA:116,0
DA:122,0
DA:133,2
DA:134,0
DA:135,0
DA:136,0
DA:137,0
DA:144,0
DA:146,0
DA:149,0
DA:150,0
DA:153,0
DA:154,0
DA:162,0
DA:163,0
DA:169,0
DA:176,0
DA:178,0
DA:187,0
DA:188,0
DA:199,2
DA:200,0
DA:201,0
DA:202,0
DA:203,0
DA:210,0
DA:211,0
DA:213,0
DA:214,0
DA:216,0
DA:217,0
DA:224,0
DA:225,0
DA:227,0
DA:231,0
DA:232,0
DA:241,0
DA:242,0
DA:243,0
DA:244,0
DA:246,0
DA:248,0
DA:257,0
DA:258,0
DA:269,2
DA:270,0
DA:271,0
DA:273,0
DA:274,0
DA:276,0
DA:277,0
DA:284,0
DA:290,0
DA:291,0
DA:297,0
DA:298,0
DA:300,0
DA:309,0
DA:310,0
DA:321,2
DA:322,0
DA:330,0
DA:332,0
DA:333,0
DA:336,0
DA:337,0
DA:341,0
DA:342,0
DA:343,0
DA:344,0
DA:348,0
DA:349,0
DA:352,0
DA:358,0
DA:361,0
DA:380,0
DA:399,0
DA:400,0
DA:411,2
DA:412,0
DA:413,0
DA:414,0
DA:415,0
DA:422,0
DA:425,0
DA:428,0
DA:429,0
DA:430,0
DA:437,0
DA:438,0
DA:440,0
DA:445,0
DA:446,0
DA:455,2
DA:456,0
DA:457,0
DA:487,0
DA:498,0
DA:499,0
DA:503,2
LF:127
LH:13
BRDA:18,0,0,0
BRDA:18,0,1,0
BRDA:66,1,0,0
BRDA:66,1,1,0
BRDA:77,2,0,0
BRDA:77,2,1,0
BRDA:77,3,0,0
BRDA:77,3,1,0
BRDA:83,4,0,0
BRDA:83,4,1,0
BRDA:97,5,0,0
BRDA:97,5,1,0
BRDA:115,6,0,0
BRDA:115,6,1,0
BRDA:136,7,0,0
BRDA:136,7,1,0
BRDA:153,8,0,0
BRDA:153,8,1,0
BRDA:162,9,0,0
BRDA:162,9,1,0
BRDA:172,10,0,0
BRDA:172,10,1,0
BRDA:173,11,0,0
BRDA:173,11,1,0
BRDA:202,12,0,0
BRDA:202,12,1,0
BRDA:216,13,0,0
BRDA:216,13,1,0
BRDA:224,14,0,0
BRDA:224,14,1,0
BRDA:224,15,0,0
BRDA:224,15,1,0
BRDA:227,16,0,0
BRDA:227,16,1,0
BRDA:231,17,0,0
BRDA:231,17,1,0
BRDA:241,18,0,0
BRDA:241,18,1,0
BRDA:242,19,0,0
BRDA:242,19,1,0
BRDA:243,20,0,0
BRDA:243,20,1,0
BRDA:244,21,0,0
BRDA:244,21,1,0
BRDA:276,22,0,0
BRDA:276,22,1,0
BRDA:290,23,0,0
BRDA:290,23,1,0
BRDA:324,24,0,0
BRDA:325,25,0,0
BRDA:336,26,0,0
BRDA:336,26,1,0
BRDA:341,27,0,0
BRDA:341,27,1,0
BRDA:341,28,0,0
BRDA:341,28,1,0
BRDA:343,29,0,0
BRDA:343,29,1,0
BRDA:344,30,0,0
BRDA:344,30,1,0
BRDA:348,31,0,0
BRDA:348,31,1,0
BRDA:390,32,0,0
BRDA:390,32,1,0
BRDA:414,33,0,0
BRDA:414,33,1,0
BRDA:429,34,0,0
BRDA:429,34,1,0
BRDA:488,35,0,0
BRDA:488,35,1,0
BRF:70
BRH:0
end_of_record
TN:
SF:middleware/auth.js
FN:5,(anonymous_0)
FN:12,(anonymous_1)
FN:38,(anonymous_2)
FN:113,(anonymous_3)
FN:114,(anonymous_4)
FNF:5
FNH:2
FNDA:0,(anonymous_0)
FNDA:0,(anonymous_1)
FNDA:22,(anonymous_2)
FNDA:18,(anonymous_3)
FNDA:0,(anonymous_4)
DA:1,2
DA:2,2
DA:5,2
DA:6,0
DA:12,2
DA:13,0
DA:16,0
DA:18,0
DA:38,2
DA:39,22
DA:42,22
DA:44,22
DA:45,15
DA:48,22
DA:49,7
DA:56,15
DA:59,14
DA:64,14
DA:65,1
DA:72,13
DA:73,0
DA:81,13
DA:82,0
DA:89,13
DA:90,13
DA:92,1
DA:93,1
DA:97,0
DA:98,0
DA:104,0
DA:113,2
DA:114,18
DA:115,0
DA:116,0
DA:123,0
DA:124,0
DA:130,0
DA:134,2
LF:38
LH:24
BRDA:7,0,0,0
BRDA:7,0,1,0
BRDA:12,1,0,0
BRDA:44,2,0,15
BRDA:44,2,1,7
BRDA:44,3,0,22
BRDA:44,3,1,15
BRDA:48,4,0,7
BRDA:48,4,1,15
BRDA:64,5,0,1
BRDA:64,5,1,13
BRDA:72,6,0,0
BRDA:72,6,1,13
BRDA:81,7,0,0
BRDA:81,7,1,13
BRDA:92,8,0,1
BRDA:92,8,1,0
BRDA:97,9,0,0
BRDA:97,9,1,0
BRDA:115,10,0,0
BRDA:115,10,1,0
BRDA:123,11,0,0
BRDA:123,11,1,0
BRF:23
BRH:11
end_of_record
TN:
SF:middleware/errorHandler.js
FN:1,(anonymous_0)
FN:40,(anonymous_1)
FNF:2
FNH:0
FNDA:0,(anonymous_0)
FNDA:0,(anonymous_1)
DA:1,0
DA:2,0
DA:3,0
DA:6,0
DA:7,0
DA:8,0
DA:12,0
DA:13,0
DA:14,0
DA:21,0
DA:22,0
DA:25,0
DA:26,0
DA:27,0
DA:28,0
DA:31,0
DA:38,0
DA:39,0
DA:40,0
DA:42,0
DA:49,0
DA:50,0
DA:51,0
DA:57,0
DA:58,0
DA:59,0
DA:66,0
DA:67,0
DA:68,0
DA:75,0
DA:76,0
DA:77,0
DA:84,0
DA:85,0
DA:86,0
DA:93,0
DA:94,0
DA:95,0
DA:101,0
DA:102,0
DA:103,0
DA:110,0
DA:111,0
DA:112,0
DA:119,0
DA:132,0
LF:46
LH:0
BRDA:6,0,0,0
BRDA:6,0,1,0
BRDA:12,1,0,0
BRDA:12,1,1,0
BRDA:21,2,0,0
BRDA:21,2,1,0
BRDA:25,3,0,0
BRDA:25,3,1,0
BRDA:38,4,0,0
BRDA:38,4,1,0
BRDA:49,5,0,0
BRDA:49,5,1,0
BRDA:57,6,0,0
BRDA:57,6,1,0
BRDA:66,7,0,0
BRDA:66,7,1,0
BRDA:75,8,0,0
BRDA:75,8,1,0
BRDA:75,9,0,0
BRDA:75,9,1,0
BRDA:84,10,0,0
BRDA:84,10,1,0
BRDA:93,11,0,0
BRDA:93,11,1,0
BRDA:101,12,0,0
BRDA:101,12,1,0
BRDA:110,13,0,0
BRDA:110,13,1,0
BRDA:110,14,0,0
BRDA:110,14,1,0
BRDA:119,15,0,0
BRDA:119,15,1,0
BRDA:121,16,0,0
BRDA:121,16,1,0
BRDA:122,17,0,0
BRDA:122,17,1,0
BRF:36
BRH:0
end_of_record
TN:
SF:middleware/validation.js
FN:4,(anonymous_0)
FN:10,(anonymous_1)
FN:106,(anonymous_2)
FN:110,(anonymous_3)
FN:114,(anonymous_4)
FN:122,(anonymous_5)
FN:129,(anonymous_6)
FN:147,(anonymous_7)
FN:168,(anonymous_8)
FN:203,(anonymous_9)
FN:204,(anonymous_10)
FNF:11
FNH:0
FNDA:0,(anonymous_0)
FNDA:0,(anonymous_1)
FNDA:0,(anonymous_2)
FNDA:0,(anonymous_3)
FNDA:0,(anonymous_4)
FNDA:0,(anonymous_5)
FNDA:0,(anonymous_6)
FNDA:0,(anonymous_7)
FNDA:0,(anonymous_8)
FNDA:0,(anonymous_9)
FNDA:0,(anonymous_10)
DA:1,0
DA:4,0
DA:5,0
DA:6,0
DA:7,0
DA:10,0
DA:17,0
DA:21,0
DA:107,0
DA:111,0
DA:115,0
DA:116,0
DA:118,0
DA:122,0
DA:130,0
DA:131,0
DA:133,0
DA:148,0
DA:169,0
DA:204,0
DA:205,0
DA:206,0
DA:208,0
DA:209,0
DA:211,0
DA:212,0
DA:213,0
DA:215,0
DA:220,0
DA:306,0
LF:30
LH:0
BRDA:6,0,0,0
BRDA:6,0,1,0
BRDA:11,1,0,0
BRDA:11,1,1,0
BRDA:115,2,0,0
BRDA:115,2,1,0
BRDA:130,3,0,0
BRDA:130,3,1,0
BRDA:203,4,0,0
BRDA:205,5,0,0
BRDA:205,5,1,0
BRDA:208,6,0,0
BRDA:208,6,1,0
BRDA:212,7,0,0
BRDA:212,7,1,0
BRF:15
BRH:0
end_of_record
TN:
SF:models/Booking.js
FN:49,(anonymous_0)
FN:59,(anonymous_1)
FN:230,(anonymous_2)
FN:236,(anonymous_3)
FN:244,(anonymous_4)
FN:245,(anonymous_5)
FN:249,(anonymous_6)
FN:254,(anonymous_7)
FN:266,(anonymous_8)
FN:279,(anonymous_9)
FN:287,(anonymous_10)
FN:314,(anonymous_11)
FNF:12
FNH:9
FNDA:19,(anonymous_0)
FNDA:19,(anonymous_1)
FNDA:1,(anonymous_2)
FNDA:1,(anonymous_3)
FNDA:2,(anonymous_4)
FNDA:0,(anonymous_5)
FNDA:1,(anonymous_6)
FNDA:0,(anonymous_7)
FNDA:0,(anonymous_8)
FNDA:15,(anonymous_9)
FNDA:3,(anonymous_10)
FNDA:19,(anonymous_11)
DA:1,5
DA:3,5
DA:50,19
DA:60,19
DA:222,5
DA:223,5
DA:224,5
DA:225,5
DA:226,5
DA:227,5
DA:230,5
DA:231,1
DA:232,1
DA:236,5
DA:237,1
DA:238,0
DA:244,5
DA:245,2
DA:249,5
DA:250,1
DA:254,5
DA:255,0
DA:256,0
DA:266,5
DA:270,0
DA:272,0
DA:275,0
DA:279,5
DA:280,15
DA:282,15
DA:283,15
DA:287,5
DA:294,3
DA:306,3
DA:307,0
DA:310,3
DA:314,5
DA:316,19
DA:317,15
DA:321,19
DA:322,19
DA:323,0
DA:324,19
DA:329,0
DA:332,19
DA:335,5
LF:46
LH:37
BRDA:231,0,0,0
BRDA:231,0,1,1
BRDA:231,1,0,1
BRDA:231,1,1,1
BRDA:237,2,0,1
BRDA:237,2,1,0
BRDA:237,3,0,1
BRDA:237,3,1,0
BRDA:257,4,0,0
BRDA:257,4,1,0
BRDA:257,4,2,0
BRDA:257,4,3,0
BRDA:257,4,4,0
BRDA:268,5,0,0
BRDA:270,6,0,0
BRDA:270,6,1,0
BRDA:270,7,0,0
BRDA:270,7,1,0
BRDA:292,8,0,1
BRDA:306,9,0,0
BRDA:306,9,1,3
BRDA:316,10,0,15
BRDA:316,10,1,4
BRDA:316,11,0,19
BRDA:316,11,1,17
BRDA:322,12,0,0
BRDA:322,12,1,19
BRDA:322,13,0,19
BRDA:322,13,1,17
BRDA:324,14,0,0
BRDA:324,14,1,19
BRDA:325,15,0,19
BRDA:325,15,1,0
BRDA:325,15,2,0
BRF:34
BRH:16
end_of_record
TN:
SF:models/ParkingLocation.js
FN:42,(anonymous_0)
FN:142,(anonymous_1)
FN:237,(anonymous_2)
FN:244,(anonymous_3)
FN:246,(anonymous_4)
FN:255,(anonymous_5)
FN:268,(anonymous_6)
FN:272,(anonymous_7)
FN:291,(anonymous_8)
FNF:9
FNH:7
FNDA:28,(anonymous_0)
FNDA:0,(anonymous_1)
FNDA:5,(anonymous_2)
FNDA:5,(anonymous_3)
FNDA:2,(anonymous_4)
FNDA:7,(anonymous_5)
FNDA:1,(anonymous_6)
FNDA:1,(anonymous_7)
FNDA:0,(anonymous_8)
DA:1,5
DA:3,5
DA:43,28
DA:142,0
DA:227,5
DA:231,5
DA:232,5
DA:233,5
DA:234,5
DA:237,5
DA:238,5
DA:239,5
DA:240,5
DA:244,5
DA:245,5
DA:246,5
DA:247,2
DA:248,2
DA:251,1
DA:255,5
DA:256,7
DA:258,7
DA:259,7
DA:261,7
DA:268,5
DA:272,1
DA:273,1
DA:274,0
DA:277,1
DA:278,1
DA:281,1
DA:282,1
DA:283,0
DA:284,0
DA:287,1
DA:291,5
DA:296,0
DA:310,5
LF:38
LH:33
BRDA:238,0,0,0
BRDA:238,0,1,5
BRDA:247,1,0,2
BRDA:247,1,1,0
BRDA:248,2,0,2
BRDA:248,2,1,1
BRDA:256,3,0,0
BRDA:256,3,1,7
BRDA:256,4,0,7
BRDA:256,4,1,7
BRDA:262,5,0,7
BRDA:262,5,1,7
BRDA:273,6,0,0
BRDA:273,6,1,1
BRDA:281,7,0,1
BRDA:281,7,1,0
BRDA:281,8,0,1
BRDA:281,8,1,1
BRDA:283,9,0,0
BRDA:283,9,1,0
BRDA:283,10,0,0
BRDA:283,10,1,0
BRDA:294,11,0,0
BRF:23
BRH:13
end_of_record
TN:
SF:models/User.js
FN:121,(anonymous_0)
FN:126,(anonymous_1)
FN:142,(anonymous_2)
FN:147,(anonymous_3)
FN:159,(anonymous_4)
FNF:5
FNH:5
FNDA:11,(anonymous_0)
FNDA:59,(anonymous_1)
FNDA:7,(anonymous_2)
FNDA:15,(anonymous_3)
FNDA:12,(anonymous_4)
DA:1,5
DA:2,5
DA:4,5
DA:117,5
DA:118,5
DA:121,5
DA:122,11
DA:126,5
DA:128,59
DA:131,55
DA:134,55
DA:135,0
DA:138,55
DA:142,5
DA:143,7
DA:147,5
DA:148,15
DA:149,1
DA:153,1
DA:155,14
DA:159,5
DA:160,12
DA:165,5
LF:23
LH:22
BRDA:128,0,0,4
BRDA:128,0,1,55
BRDA:134,1,0,0
BRDA:134,1,1,55
BRDA:148,2,0,1
BRDA:148,2,1,14
BRF:6
BRH:5
end_of_record
TN:
SF:models/Violation.js
FN:200,(anonymous_0)
FN:208,(anonymous_1)
FN:213,(anonymous_2)
FN:218,(anonymous_3)
FN:236,(anonymous_4)
FNF:5
FNH:0
FNDA:0,(anonymous_0)
FNDA:0,(anonymous_1)
FNDA:0,(anonymous_2)
FNDA:0,(anonymous_3)
FNDA:0,(anonymous_4)
DA:1,2
DA:3,2
DA:192,2
DA:193,2
DA:194,2
DA:195,2
DA:196,2
DA:197,2
DA:200,2
DA:201,0
DA:202,0
DA:203,0
DA:204,0
DA:208,2
DA:209,0
DA:213,2
DA:214,0
DA:218,2
DA:223,0
DA:224,0
DA:225,0
DA:226,0
DA:228,0
DA:229,0
DA:232,0
DA:236,2
DA:241,0
DA:243,0
DA:244,0
DA:245,0
DA:246,0
DA:247,0
DA:250,0
DA:264,2
LF:34
LH:14
BRDA:201,0,0,0
BRDA:201,0,1,0
BRDA:209,1,0,0
BRDA:209,1,1,0
BRDA:214,2,0,0
BRDA:214,2,1,0
BRDA:228,3,0,0
BRDA:228,3,1,0
BRDA:237,4,0,0
BRDA:238,5,0,0
BRDA:239,6,0,0
BRDA:243,7,0,0
BRDA:243,7,1,0
BRDA:244,8,0,0
BRDA:244,8,1,0
BRDA:244,9,0,0
BRDA:244,9,1,0
BRDA:246,10,0,0
BRDA:246,10,1,0
BRDA:247,11,0,0
BRDA:247,11,1,0
BRF:21
BRH:0
end_of_record
TN:
SF:services/authService.js
FN:6,(anonymous_0)
FN:12,(anonymous_1)
FN:34,(anonymous_2)
FN:58,(anonymous_3)
FN:62,(anonymous_4)
FNF:5
FNH:5
FNDA:4,(anonymous_0)
FNDA:9,(anonymous_1)
FNDA:5,(anonymous_2)
FNDA:4,(anonymous_3)
FNDA:6,(anonymous_4)
DA:1,3
DA:2,3
DA:3,3
DA:7,4
DA:13,9
DA:18,9
DA:19,2
DA:22,7
DA:23,2
DA:26,5
DA:27,5
DA:28,2
DA:31,3
DA:35,5
DA:37,5
DA:41,5
DA:42,3
DA:43,3
DA:46,2
DA:55,2
DA:59,4
DA:63,6
DA:79,6
DA:80,4
DA:83,2
DA:87,3
LF:26
LH:26
BRDA:8,0,0,4
BRDA:8,0,1,0
BRDA:18,1,0,2
BRDA:18,1,1,7
BRDA:22,2,0,2
BRDA:22,2,1,5
BRDA:27,3,0,2
BRDA:27,3,1,3
BRDA:41,4,0,3
BRDA:41,4,1,2
BRDA:42,5,0,1
BRDA:42,5,1,2
BRDA:62,6,0,2
BRDA:79,7,0,4
BRDA:79,7,1,2
BRF:15
BRH:14
end_of_record
TN:
SF:services/bookingService.js
FN:7,(anonymous_0)
FN:17,(anonymous_1)
FN:41,(anonymous_2)
FN:57,(anonymous_3)
FN:62,(anonymous_4)
FN:74,(anonymous_5)
FN:112,(anonymous_6)
FN:131,(anonymous_7)
FN:166,(anonymous_8)
FNF:9
FNH:7
FNDA:7,(anonymous_0)
FNDA:6,(anonymous_1)
FNDA:2,(anonymous_2)
FNDA:2,(anonymous_3)
FNDA:3,(anonymous_4)
FNDA:2,(anonymous_5)
FNDA:4,(anonymous_6)
FNDA:0,(anonymous_7)
FNDA:0,(anonymous_8)
DA:1,1
DA:2,1
DA:3,1
DA:4,1
DA:8,7
DA:9,7
DA:10,2
DA:13,5
DA:14,0
DA:17,6
DA:18,5
DA:19,1
DA:22,4
DA:23,1
DA:26,3
DA:27,3
DA:28,3
DA:30,3
DA:31,1
DA:34,2
DA:35,1
DA:38,1
DA:42,2
DA:50,2
DA:51,1
DA:54,1
DA:58,2
DA:59,2
DA:63,3
DA:71,3
DA:85,2
DA:87,2
DA:89,2
DA:109,2
DA:113,4
DA:114,4
DA:115,4
DA:117,4
DA:118,4
DA:119,2
DA:120,2
DA:121,1
DA:124,4
DA:128,4
DA:132,0
DA:133,0
DA:134,0
DA:137,0
DA:138,0
DA:139,0
DA:141,0
DA:152,0
DA:153,0
DA:155,0
DA:156,0
DA:158,0
DA:159,0
DA:160,0
DA:162,0
DA:163,0
DA:165,0
DA:166,0
DA:169,0
DA:170,0
DA:178,0
DA:181,0
DA:196,1
LF:67
LH:44
BRDA:9,0,0,2
BRDA:9,0,1,5
BRDA:9,1,0,7
BRDA:9,1,1,6
BRDA:13,2,0,0
BRDA:13,2,1,5
BRDA:18,3,0,1
BRDA:18,3,1,4
BRDA:22,4,0,1
BRDA:22,4,1,3
BRDA:30,5,0,1
BRDA:30,5,1,2
BRDA:34,6,0,1
BRDA:34,6,1,1
BRDA:41,7,0,2
BRDA:50,8,0,1
BRDA:50,8,1,1
BRDA:96,9,0,2
BRDA:96,9,1,1
BRDA:97,10,0,2
BRDA:97,10,1,1
BRDA:103,11,0,1
BRDA:103,11,1,1
BRDA:104,12,0,1
BRDA:104,12,1,1
BRDA:106,13,0,2
BRDA:106,13,1,1
BRDA:118,14,0,2
BRDA:118,14,1,2
BRDA:120,15,0,1
BRDA:120,15,1,1
BRDA:124,16,0,3
BRDA:124,16,1,1
BRDA:133,17,0,0
BRDA:133,17,1,0
BRDA:166,18,0,0
BRDA:166,18,1,0
BRDA:169,19,0,0
BRDA:169,19,1,0
BRF:39
BRH:32
end_of_record
TN:
SF:services/locationService.js
FN:4,(anonymous_0)
FN:64,(anonymous_1)
FN:80,(anonymous_2)
FN:86,(anonymous_3)
FN:98,(anonymous_4)
FN:117,(anonymous_5)
FNF:6
FNH:0
FNDA:0,(anonymous_0)
FNDA:0,(anonymous_1)
FNDA:0,(anonymous_2)
FNDA:0,(anonymous_3)
FNDA:0,(anonymous_4)
FNDA:0,(anonymous_5)
DA:1,0
DA:13,0
DA:15,0
DA:16,0
DA:18,0
DA:19,0
DA:25,0
DA:26,0
DA:43,0
DA:44,0
DA:46,0
DA:49,0
DA:52,0
DA:67,0
DA:68,0
DA:70,0
DA:73,0
DA:74,0
DA:77,0
DA:81,0
DA:82,0
DA:83,0
DA:86,0
DA:87,0
DA:88,0
DA:91,0
DA:92,0
DA:94,0
DA:95,0
DA:99,0
DA:100,0
DA:101,0
DA:104,0
DA:114,0
DA:118,0
DA:133,0
DA:134,0
DA:137,0
DA:138,0
DA:141,0
DA:145,0
LF:41
LH:0
BRDA:4,0,0,0
BRDA:6,1,0,0
BRDA:10,2,0,0
BRDA:11,3,0,0
BRDA:12,4,0,0
BRDA:18,5,0,0
BRDA:18,5,1,0
BRDA:25,6,0,0
BRDA:25,6,1,0
BRDA:25,7,0,0
BRDA:25,7,1,0
BRDA:64,8,0,0
BRDA:67,9,0,0
BRDA:67,9,1,0
BRDA:73,10,0,0
BRDA:73,10,1,0
BRDA:82,11,0,0
BRDA:82,11,1,0
BRDA:87,12,0,0
BRDA:87,12,1,0
BRDA:100,13,0,0
BRDA:100,13,1,0
BRDA:117,14,0,0
BRDA:133,15,0,0
BRDA:133,15,1,0
BRDA:137,16,0,0
BRDA:137,16,1,0
BRF:27
BRH:0
end_of_record
